<?xml version="1.0" encoding="UTF-8"?>
<!-- Generated by org.testng.reporters.JUnitReportReporter -->
<testsuite hostname="DESKTOP-ST8QDN2" failures="0" tests="1" name="uk.co.automationtesting.ShopLoginTest" time="10.241" errors="0" timestamp="2024-04-15T21:40:46 COT" skipped="0">
  <testcase classname="uk.co.automationtesting.ShopLoginTest" name="ShopLogin" time="10.241"/>
</testsuite> <!-- uk.co.automationtesting.ShopLoginTest -->
