<?xml version="1.0" encoding="UTF-8"?>
<!-- Generated by org.testng.reporters.JUnitReportReporter -->
<testsuite hostname="DESKTOP-ST8QDN2" failures="0" tests="1" name="uk.co.automationtesting.OrderCompleteTest" time="20.606" errors="0" timestamp="2024-04-11T20:13:18 COT" skipped="0">
  <testcase classname="uk.co.automationtesting.OrderCompleteTest" name="endToEndTest" time="20.606"/>
</testsuite> <!-- uk.co.automationtesting.OrderCompleteTest -->
