<?xml version="1.0" encoding="UTF-8"?>
<!-- Generated by org.testng.reporters.JUnitReportReporter -->
<testsuite hostname="DESKTOP-ST8QDN2" failures="0" tests="1" name="uk.co.automationtesting.OrderCompleteTest" time="21.345" errors="0" timestamp="2024-04-15T21:33:40 COT" skipped="0">
  <testcase classname="uk.co.automationtesting.OrderCompleteTest" name="endToEndTest" time="21.345"/>
</testsuite> <!-- uk.co.automationtesting.OrderCompleteTest -->
